[0122/150550.844:ERROR:process_reader_win.cc(123)] NtOpenThread: {Acesso Negado} Um processo solicitou acesso a um objeto, mas o direito de acesso não lhe foi concedido. (0xc0000022)
[0122/150550.850:ERROR:exception_snapshot_win.cc(99)] thread ID 17112 not found in process
[0122/150550.899:ERROR:process_reader_win.cc(123)] NtOpenThread: {Acesso Negado} Um processo solicitou acesso a um objeto, mas o direito de acesso não lhe foi concedido. (0xc0000022)
[0122/150550.900:ERROR:exception_snapshot_win.cc(99)] thread ID 8040 not found in process
[0122/150727.105:ERROR:process_reader_win.cc(123)] NtOpenThread: {Acesso Negado} Um processo solicitou acesso a um objeto, mas o direito de acesso não lhe foi concedido. (0xc0000022)
[0122/150727.108:ERROR:exception_snapshot_win.cc(99)] thread ID 10028 not found in process
[0122/150727.156:ERROR:process_reader_win.cc(123)] NtOpenThread: {Acesso Negado} Um processo solicitou acesso a um objeto, mas o direito de acesso não lhe foi concedido. (0xc0000022)
[0122/150727.156:ERROR:exception_snapshot_win.cc(99)] thread ID 22512 not found in process
[0122/151103.941:ERROR:process_reader_win.cc(123)] NtOpenThread: {Acesso Negado} Um processo solicitou acesso a um objeto, mas o direito de acesso não lhe foi concedido. (0xc0000022)
[0122/151103.945:ERROR:exception_snapshot_win.cc(99)] thread ID 21932 not found in process
[0122/151103.985:ERROR:process_reader_win.cc(123)] NtOpenThread: {Acesso Negado} Um processo solicitou acesso a um objeto, mas o direito de acesso não lhe foi concedido. (0xc0000022)
[0122/151103.985:ERROR:exception_snapshot_win.cc(99)] thread ID 22704 not found in process
[0122/151500.819:ERROR:process_reader_win.cc(151)] SuspendThread: Acesso negado. (0x5)
[0122/151500.824:ERROR:process_reader_win.cc(123)] NtOpenThread: {Acesso Negado} Um processo solicitou acesso a um objeto, mas o direito de acesso não lhe foi concedido. (0xc0000022)
[0122/151500.825:ERROR:exception_snapshot_win.cc(99)] thread ID 8056 not found in process
[0122/151500.880:ERROR:process_reader_win.cc(123)] NtOpenThread: {Acesso Negado} Um processo solicitou acesso a um objeto, mas o direito de acesso não lhe foi concedido. (0xc0000022)
[0122/151500.880:ERROR:exception_snapshot_win.cc(99)] thread ID 896 not found in process
[0122/151843.507:ERROR:process_reader_win.cc(123)] NtOpenThread: {Acesso Negado} Um processo solicitou acesso a um objeto, mas o direito de acesso não lhe foi concedido. (0xc0000022)
[0122/151843.509:ERROR:exception_snapshot_win.cc(99)] thread ID 23948 not found in process
[0122/151843.537:ERROR:process_reader_win.cc(123)] NtOpenThread: {Acesso Negado} Um processo solicitou acesso a um objeto, mas o direito de acesso não lhe foi concedido. (0xc0000022)
[0122/151843.538:ERROR:exception_snapshot_win.cc(99)] thread ID 3392 not found in process
[0122/151843.580:ERROR:process_reader_win.cc(123)] NtOpenThread: {Acesso Negado} Um processo solicitou acesso a um objeto, mas o direito de acesso não lhe foi concedido. (0xc0000022)
[0122/151843.580:ERROR:exception_snapshot_win.cc(99)] thread ID 17480 not found in process
[0122/152417.494:ERROR:process_reader_win.cc(123)] NtOpenThread: {Acesso Negado} Um processo solicitou acesso a um objeto, mas o direito de acesso não lhe foi concedido. (0xc0000022)
[0122/152417.497:ERROR:exception_snapshot_win.cc(99)] thread ID 6428 not found in process
[0122/152417.575:ERROR:process_reader_win.cc(123)] NtOpenThread: {Acesso Negado} Um processo solicitou acesso a um objeto, mas o direito de acesso não lhe foi concedido. (0xc0000022)
[0122/152417.575:ERROR:exception_snapshot_win.cc(99)] thread ID 7228 not found in process
[0122/152705.887:ERROR:process_reader_win.cc(151)] SuspendThread: Acesso negado. (0x5)
[0122/152705.889:ERROR:process_reader_win.cc(151)] SuspendThread: Acesso negado. (0x5)
[0122/152705.889:ERROR:process_reader_win.cc(123)] NtOpenThread: {Acesso Negado} Um processo solicitou acesso a um objeto, mas o direito de acesso não lhe foi concedido. (0xc0000022)
[0122/152705.890:ERROR:exception_snapshot_win.cc(99)] thread ID 1056 not found in process
[0122/152705.938:ERROR:process_reader_win.cc(123)] NtOpenThread: {Acesso Negado} Um processo solicitou acesso a um objeto, mas o direito de acesso não lhe foi concedido. (0xc0000022)
[0122/152705.939:ERROR:exception_snapshot_win.cc(99)] thread ID 22332 not found in process
[0122/152927.003:ERROR:process_reader_win.cc(151)] SuspendThread: Acesso negado. (0x5)
[0122/152927.006:ERROR:process_reader_win.cc(151)] SuspendThread: Acesso negado. (0x5)
[0122/152927.006:ERROR:process_reader_win.cc(151)] SuspendThread: Acesso negado. (0x5)
[0122/152927.006:ERROR:process_reader_win.cc(151)] SuspendThread: Acesso negado. (0x5)
[0122/152927.006:ERROR:process_reader_win.cc(151)] SuspendThread: Acesso negado. (0x5)
[0122/152927.006:ERROR:process_reader_win.cc(151)] SuspendThread: Acesso negado. (0x5)
[0122/152927.006:ERROR:process_reader_win.cc(151)] SuspendThread: Acesso negado. (0x5)
[0122/152927.007:ERROR:process_reader_win.cc(151)] SuspendThread: Acesso negado. (0x5)
[0122/152927.007:ERROR:process_reader_win.cc(151)] SuspendThread: Acesso negado. (0x5)
[0122/152927.007:ERROR:process_reader_win.cc(151)] SuspendThread: Acesso negado. (0x5)
[0122/152927.007:ERROR:process_reader_win.cc(151)] SuspendThread: Acesso negado. (0x5)
[0122/152927.007:ERROR:process_reader_win.cc(151)] SuspendThread: Acesso negado. (0x5)
[0122/152927.007:ERROR:process_reader_win.cc(151)] SuspendThread: Acesso negado. (0x5)
[0122/152927.007:ERROR:process_reader_win.cc(151)] SuspendThread: Acesso negado. (0x5)
[0122/152927.007:ERROR:process_reader_win.cc(123)] NtOpenThread: {Acesso Negado} Um processo solicitou acesso a um objeto, mas o direito de acesso não lhe foi concedido. (0xc0000022)
[0122/152927.060:ERROR:exception_snapshot_win.cc(99)] thread ID 8380 not found in process
[0122/152927.177:ERROR:process_reader_win.cc(151)] SuspendThread: Acesso negado. (0x5)
[0122/152927.178:ERROR:process_reader_win.cc(123)] NtOpenThread: {Acesso Negado} Um processo solicitou acesso a um objeto, mas o direito de acesso não lhe foi concedido. (0xc0000022)
[0122/152927.178:ERROR:exception_snapshot_win.cc(99)] thread ID 23048 not found in process
[0122/152927.188:ERROR:process_reader_win.cc(151)] SuspendThread: Acesso negado. (0x5)
[0122/152927.188:ERROR:process_reader_win.cc(151)] SuspendThread: Acesso negado. (0x5)
[0122/152927.188:ERROR:process_reader_win.cc(151)] SuspendThread: Acesso negado. (0x5)
[0122/152927.188:ERROR:process_reader_win.cc(151)] SuspendThread: Acesso negado. (0x5)
[0122/152927.188:ERROR:process_reader_win.cc(151)] SuspendThread: Acesso negado. (0x5)
[0122/152927.188:ERROR:process_reader_win.cc(123)] NtOpenThread: {Acesso Negado} Um processo solicitou acesso a um objeto, mas o direito de acesso não lhe foi concedido. (0xc0000022)
[0122/152927.188:ERROR:exception_snapshot_win.cc(99)] thread ID 2316 not found in process
[0122/153146.003:ERROR:process_reader_win.cc(123)] NtOpenThread: {Acesso Negado} Um processo solicitou acesso a um objeto, mas o direito de acesso não lhe foi concedido. (0xc0000022)
[0122/153146.011:ERROR:exception_snapshot_win.cc(99)] thread ID 13496 not found in process
[0122/153146.041:ERROR:process_reader_win.cc(123)] NtOpenThread: {Acesso Negado} Um processo solicitou acesso a um objeto, mas o direito de acesso não lhe foi concedido. (0xc0000022)
[0122/153146.041:ERROR:exception_snapshot_win.cc(99)] thread ID 22512 not found in process
[0122/153146.097:ERROR:process_reader_win.cc(123)] NtOpenThread: {Acesso Negado} Um processo solicitou acesso a um objeto, mas o direito de acesso não lhe foi concedido. (0xc0000022)
[0122/153146.097:ERROR:exception_snapshot_win.cc(99)] thread ID 17576 not found in process
[0122/153508.552:ERROR:process_reader_win.cc(151)] SuspendThread: Acesso negado. (0x5)
[0122/153508.554:ERROR:process_reader_win.cc(151)] SuspendThread: Acesso negado. (0x5)
[0122/153508.555:ERROR:process_reader_win.cc(123)] NtOpenThread: {Acesso Negado} Um processo solicitou acesso a um objeto, mas o direito de acesso não lhe foi concedido. (0xc0000022)
[0122/153508.557:ERROR:exception_snapshot_win.cc(99)] thread ID 2828 not found in process
[0122/153508.567:ERROR:process_reader_win.cc(151)] SuspendThread: Acesso negado. (0x5)
[0122/153508.568:ERROR:process_reader_win.cc(123)] NtOpenThread: {Acesso Negado} Um processo solicitou acesso a um objeto, mas o direito de acesso não lhe foi concedido. (0xc0000022)
[0122/153508.568:ERROR:exception_snapshot_win.cc(99)] thread ID 22512 not found in process
[0122/153508.608:ERROR:process_reader_win.cc(123)] NtOpenThread: {Acesso Negado} Um processo solicitou acesso a um objeto, mas o direito de acesso não lhe foi concedido. (0xc0000022)
[0122/153508.608:ERROR:exception_snapshot_win.cc(99)] thread ID 21540 not found in process
[0122/153804.195:ERROR:process_reader_win.cc(151)] SuspendThread: Acesso negado. (0x5)
[0122/153804.203:ERROR:process_reader_win.cc(151)] SuspendThread: Acesso negado. (0x5)
[0122/153804.203:ERROR:process_reader_win.cc(123)] NtOpenThread: {Acesso Negado} Um processo solicitou acesso a um objeto, mas o direito de acesso não lhe foi concedido. (0xc0000022)
[0122/153804.206:ERROR:exception_snapshot_win.cc(99)] thread ID 14220 not found in process
[0122/153804.209:ERROR:process_reader_win.cc(151)] SuspendThread: Acesso negado. (0x5)
[0122/153804.209:ERROR:process_reader_win.cc(123)] NtOpenThread: {Acesso Negado} Um processo solicitou acesso a um objeto, mas o direito de acesso não lhe foi concedido. (0xc0000022)
[0122/153804.209:ERROR:exception_snapshot_win.cc(99)] thread ID 19460 not found in process
[0122/153804.243:ERROR:process_reader_win.cc(123)] NtOpenThread: {Acesso Negado} Um processo solicitou acesso a um objeto, mas o direito de acesso não lhe foi concedido. (0xc0000022)
[0122/153804.243:ERROR:exception_snapshot_win.cc(99)] thread ID 14236 not found in process
[0122/154107.520:ERROR:process_reader_win.cc(123)] NtOpenThread: {Acesso Negado} Um processo solicitou acesso a um objeto, mas o direito de acesso não lhe foi concedido. (0xc0000022)
[0122/154107.523:ERROR:exception_snapshot_win.cc(99)] thread ID 6200 not found in process
[0122/154107.584:ERROR:process_reader_win.cc(123)] NtOpenThread: {Acesso Negado} Um processo solicitou acesso a um objeto, mas o direito de acesso não lhe foi concedido. (0xc0000022)
[0122/154107.584:ERROR:exception_snapshot_win.cc(99)] thread ID 7116 not found in process
[0122/155123.925:ERROR:process_reader_win.cc(123)] NtOpenThread: {Acesso Negado} Um processo solicitou acesso a um objeto, mas o direito de acesso não lhe foi concedido. (0xc0000022)
[0122/155123.928:ERROR:exception_snapshot_win.cc(99)] thread ID 7480 not found in process
[0122/155123.972:ERROR:process_reader_win.cc(123)] NtOpenThread: {Acesso Negado} Um processo solicitou acesso a um objeto, mas o direito de acesso não lhe foi concedido. (0xc0000022)
[0122/155123.972:ERROR:exception_snapshot_win.cc(99)] thread ID 20164 not found in process
[0122/155830.359:ERROR:process_reader_win.cc(151)] SuspendThread: Acesso negado. (0x5)
[0122/155830.375:ERROR:process_reader_win.cc(151)] SuspendThread: Acesso negado. (0x5)
[0122/155830.375:ERROR:process_reader_win.cc(151)] SuspendThread: Acesso negado. (0x5)
[0122/155830.375:ERROR:process_reader_win.cc(123)] NtOpenThread: {Acesso Negado} Um processo solicitou acesso a um objeto, mas o direito de acesso não lhe foi concedido. (0xc0000022)
[0122/155830.376:ERROR:exception_snapshot_win.cc(99)] thread ID 14836 not found in process
[0122/155830.375:ERROR:process_reader_win.cc(123)] NtOpenThread: {Acesso Negado} Um processo solicitou acesso a um objeto, mas o direito de acesso não lhe foi concedido. (0xc0000022)
[0122/155830.376:ERROR:exception_snapshot_win.cc(99)] thread ID 14248 not found in process
[0122/155830.440:ERROR:process_reader_win.cc(123)] NtOpenThread: {Acesso Negado} Um processo solicitou acesso a um objeto, mas o direito de acesso não lhe foi concedido. (0xc0000022)
[0122/155830.440:ERROR:exception_snapshot_win.cc(99)] thread ID 10816 not found in process
[0122/160121.073:ERROR:process_reader_win.cc(151)] SuspendThread: Acesso negado. (0x5)
[0122/160121.081:ERROR:process_reader_win.cc(123)] NtOpenThread: {Acesso Negado} Um processo solicitou acesso a um objeto, mas o direito de acesso não lhe foi concedido. (0xc0000022)
[0122/160121.085:ERROR:exception_snapshot_win.cc(99)] thread ID 5652 not found in process
[0122/160121.120:ERROR:process_reader_win.cc(123)] NtOpenThread: {Acesso Negado} Um processo solicitou acesso a um objeto, mas o direito de acesso não lhe foi concedido. (0xc0000022)
[0122/160121.120:ERROR:exception_snapshot_win.cc(99)] thread ID 13684 not found in process
[0122/160121.167:ERROR:process_reader_win.cc(123)] NtOpenThread: {Acesso Negado} Um processo solicitou acesso a um objeto, mas o direito de acesso não lhe foi concedido. (0xc0000022)
[0122/160121.167:ERROR:exception_snapshot_win.cc(99)] thread ID 23584 not found in process
[0122/160325.267:ERROR:process_reader_win.cc(123)] NtOpenThread: {Acesso Negado} Um processo solicitou acesso a um objeto, mas o direito de acesso não lhe foi concedido. (0xc0000022)
[0122/160325.278:ERROR:exception_snapshot_win.cc(99)] thread ID 1056 not found in process
[0122/160325.290:ERROR:process_reader_win.cc(123)] NtOpenThread: {Acesso Negado} Um processo solicitou acesso a um objeto, mas o direito de acesso não lhe foi concedido. (0xc0000022)
[0122/160325.290:ERROR:exception_snapshot_win.cc(99)] thread ID 19172 not found in process
[0122/160325.321:ERROR:process_reader_win.cc(151)] SuspendThread: Acesso negado. (0x5)
[0122/160325.322:ERROR:process_reader_win.cc(151)] SuspendThread: Acesso negado. (0x5)
[0122/160325.322:ERROR:process_reader_win.cc(123)] NtOpenThread: {Acesso Negado} Um processo solicitou acesso a um objeto, mas o direito de acesso não lhe foi concedido. (0xc0000022)
[0122/160325.322:ERROR:exception_snapshot_win.cc(99)] thread ID 4632 not found in process
[0122/160741.099:ERROR:process_reader_win.cc(151)] SuspendThread: Acesso negado. (0x5)
[0122/160741.103:ERROR:process_reader_win.cc(123)] NtOpenThread: {Acesso Negado} Um processo solicitou acesso a um objeto, mas o direito de acesso não lhe foi concedido. (0xc0000022)
[0122/160741.106:ERROR:exception_snapshot_win.cc(99)] thread ID 20940 not found in process
[0122/160741.117:ERROR:process_reader_win.cc(123)] NtOpenThread: {Acesso Negado} Um processo solicitou acesso a um objeto, mas o direito de acesso não lhe foi concedido. (0xc0000022)
[0122/160741.118:ERROR:exception_snapshot_win.cc(99)] thread ID 24472 not found in process
[0122/160741.174:ERROR:process_reader_win.cc(123)] NtOpenThread: {Acesso Negado} Um processo solicitou acesso a um objeto, mas o direito de acesso não lhe foi concedido. (0xc0000022)
[0122/160741.174:ERROR:exception_snapshot_win.cc(99)] thread ID 2512 not found in process
[0122/160944.711:ERROR:process_reader_win.cc(151)] SuspendThread: Acesso negado. (0x5)
[0122/160944.714:ERROR:process_reader_win.cc(123)] NtOpenThread: {Acesso Negado} Um processo solicitou acesso a um objeto, mas o direito de acesso não lhe foi concedido. (0xc0000022)
[0122/160944.717:ERROR:exception_snapshot_win.cc(99)] thread ID 13396 not found in process
[0122/160944.782:ERROR:process_reader_win.cc(123)] NtOpenThread: {Acesso Negado} Um processo solicitou acesso a um objeto, mas o direito de acesso não lhe foi concedido. (0xc0000022)
[0122/160944.782:ERROR:exception_snapshot_win.cc(99)] thread ID 19772 not found in process
[0122/161410.165:ERROR:process_reader_win.cc(151)] SuspendThread: Acesso negado. (0x5)
[0122/161410.169:ERROR:process_reader_win.cc(123)] NtOpenThread: {Acesso Negado} Um processo solicitou acesso a um objeto, mas o direito de acesso não lhe foi concedido. (0xc0000022)
[0122/161410.171:ERROR:exception_snapshot_win.cc(99)] thread ID 7760 not found in process
[0122/161410.355:ERROR:process_reader_win.cc(151)] SuspendThread: Acesso negado. (0x5)
[0122/161410.355:ERROR:process_reader_win.cc(151)] SuspendThread: Acesso negado. (0x5)
[0122/161410.355:ERROR:process_reader_win.cc(151)] SuspendThread: Acesso negado. (0x5)
[0122/161410.356:ERROR:process_reader_win.cc(151)] SuspendThread: Acesso negado. (0x5)
[0122/161410.356:ERROR:process_reader_win.cc(123)] NtOpenThread: {Acesso Negado} Um processo solicitou acesso a um objeto, mas o direito de acesso não lhe foi concedido. (0xc0000022)
[0122/161410.357:ERROR:exception_snapshot_win.cc(99)] thread ID 9984 not found in process
[0122/161410.355:ERROR:process_reader_win.cc(123)] NtOpenThread: {Acesso Negado} Um processo solicitou acesso a um objeto, mas o direito de acesso não lhe foi concedido. (0xc0000022)
[0122/161410.360:ERROR:exception_snapshot_win.cc(99)] thread ID 2828 not found in process
[0122/222533.178:ERROR:process_reader_win.cc(123)] NtOpenThread: {Acesso Negado} Um processo solicitou acesso a um objeto, mas o direito de acesso não lhe foi concedido. (0xc0000022)
[0122/222533.180:ERROR:exception_snapshot_win.cc(99)] thread ID 22376 not found in process
[0122/222533.216:ERROR:process_reader_win.cc(123)] NtOpenThread: {Acesso Negado} Um processo solicitou acesso a um objeto, mas o direito de acesso não lhe foi concedido. (0xc0000022)
[0122/222533.216:ERROR:exception_snapshot_win.cc(99)] thread ID 10132 not found in process
[0122/235013.864:ERROR:process_reader_win.cc(123)] NtOpenThread: {Acesso Negado} Um processo solicitou acesso a um objeto, mas o direito de acesso não lhe foi concedido. (0xc0000022)
[0122/235013.871:ERROR:exception_snapshot_win.cc(99)] thread ID 10808 not found in process
[0122/235013.926:ERROR:process_reader_win.cc(123)] NtOpenThread: {Acesso Negado} Um processo solicitou acesso a um objeto, mas o direito de acesso não lhe foi concedido. (0xc0000022)
[0122/235013.926:ERROR:exception_snapshot_win.cc(99)] thread ID 1260 not found in process
[0122/235417.883:ERROR:process_reader_win.cc(123)] NtOpenThread: {Acesso Negado} Um processo solicitou acesso a um objeto, mas o direito de acesso não lhe foi concedido. (0xc0000022)
[0122/235417.885:ERROR:exception_snapshot_win.cc(99)] thread ID 23768 not found in process
[0122/235417.921:ERROR:process_reader_win.cc(123)] NtOpenThread: {Acesso Negado} Um processo solicitou acesso a um objeto, mas o direito de acesso não lhe foi concedido. (0xc0000022)
[0122/235417.921:ERROR:exception_snapshot_win.cc(99)] thread ID 21404 not found in process
[0122/235724.200:ERROR:process_reader_win.cc(123)] NtOpenThread: {Acesso Negado} Um processo solicitou acesso a um objeto, mas o direito de acesso não lhe foi concedido. (0xc0000022)
[0122/235724.204:ERROR:exception_snapshot_win.cc(99)] thread ID 18772 not found in process
[0122/235724.240:ERROR:process_reader_win.cc(123)] NtOpenThread: {Acesso Negado} Um processo solicitou acesso a um objeto, mas o direito de acesso não lhe foi concedido. (0xc0000022)
[0122/235724.241:ERROR:exception_snapshot_win.cc(99)] thread ID 21112 not found in process
[0122/235931.010:ERROR:process_reader_win.cc(123)] NtOpenThread: {Acesso Negado} Um processo solicitou acesso a um objeto, mas o direito de acesso não lhe foi concedido. (0xc0000022)
[0122/235931.014:ERROR:exception_snapshot_win.cc(99)] thread ID 19832 not found in process
[0122/235931.043:ERROR:process_reader_win.cc(123)] NtOpenThread: {Acesso Negado} Um processo solicitou acesso a um objeto, mas o direito de acesso não lhe foi concedido. (0xc0000022)
[0122/235931.043:ERROR:exception_snapshot_win.cc(99)] thread ID 15096 not found in process
[0123/000147.044:ERROR:process_reader_win.cc(123)] NtOpenThread: {Acesso Negado} Um processo solicitou acesso a um objeto, mas o direito de acesso não lhe foi concedido. (0xc0000022)
[0123/000147.048:ERROR:exception_snapshot_win.cc(99)] thread ID 22008 not found in process
[0123/000147.083:ERROR:process_reader_win.cc(123)] NtOpenThread: {Acesso Negado} Um processo solicitou acesso a um objeto, mas o direito de acesso não lhe foi concedido. (0xc0000022)
[0123/000147.083:ERROR:exception_snapshot_win.cc(99)] thread ID 16544 not found in process
[0123/001613.781:ERROR:process_reader_win.cc(123)] NtOpenThread: {Acesso Negado} Um processo solicitou acesso a um objeto, mas o direito de acesso não lhe foi concedido. (0xc0000022)
[0123/001613.783:ERROR:exception_snapshot_win.cc(99)] thread ID 13884 not found in process
[0123/001613.794:ERROR:process_reader_win.cc(123)] NtOpenThread: {Acesso Negado} Um processo solicitou acesso a um objeto, mas o direito de acesso não lhe foi concedido. (0xc0000022)
[0123/001613.794:ERROR:exception_snapshot_win.cc(99)] thread ID 5720 not found in process
[0123/001613.812:ERROR:process_reader_win.cc(123)] NtOpenThread: {Acesso Negado} Um processo solicitou acesso a um objeto, mas o direito de acesso não lhe foi concedido. (0xc0000022)
[0123/001613.812:ERROR:exception_snapshot_win.cc(99)] thread ID 19148 not found in process
[0123/003055.293:ERROR:process_reader_win.cc(123)] NtOpenThread: {Acesso Negado} Um processo solicitou acesso a um objeto, mas o direito de acesso não lhe foi concedido. (0xc0000022)
[0123/003055.299:ERROR:exception_snapshot_win.cc(99)] thread ID 19424 not found in process
[0123/003055.352:ERROR:process_reader_win.cc(123)] NtOpenThread: {Acesso Negado} Um processo solicitou acesso a um objeto, mas o direito de acesso não lhe foi concedido. (0xc0000022)
[0123/003055.352:ERROR:exception_snapshot_win.cc(99)] thread ID 5696 not found in process
[0123/003345.655:ERROR:process_reader_win.cc(123)] NtOpenThread: {Acesso Negado} Um processo solicitou acesso a um objeto, mas o direito de acesso não lhe foi concedido. (0xc0000022)
[0123/003345.660:ERROR:exception_snapshot_win.cc(99)] thread ID 9980 not found in process
[0123/003345.707:ERROR:process_reader_win.cc(123)] NtOpenThread: {Acesso Negado} Um processo solicitou acesso a um objeto, mas o direito de acesso não lhe foi concedido. (0xc0000022)
[0123/003345.707:ERROR:exception_snapshot_win.cc(99)] thread ID 6584 not found in process
[0123/004750.594:ERROR:directory_reader_win.cc(43)] FindFirstFile: O sistema não pode encontrar o caminho especificado. (0x3)
[0123/084019.811:ERROR:file_io.cc(90)] ReadExactly: expected 36, observed 0
[0123/101940.717:ERROR:process_reader_win.cc(151)] SuspendThread: Acesso negado. (0x5)
[0123/101940.719:ERROR:process_reader_win.cc(151)] SuspendThread: Acesso negado. (0x5)
[0123/101940.719:ERROR:process_reader_win.cc(123)] NtOpenThread: {Acesso Negado} Um processo solicitou acesso a um objeto, mas o direito de acesso não lhe foi concedido. (0xc0000022)
[0123/101940.721:ERROR:exception_snapshot_win.cc(99)] thread ID 16936 not found in process
[0123/101940.764:ERROR:process_reader_win.cc(151)] SuspendThread: Acesso negado. (0x5)
[0123/101940.765:ERROR:process_reader_win.cc(151)] SuspendThread: Acesso negado. (0x5)
[0123/101940.765:ERROR:process_reader_win.cc(151)] SuspendThread: Acesso negado. (0x5)
[0123/101940.765:ERROR:process_reader_win.cc(151)] SuspendThread: Acesso negado. (0x5)
[0123/101940.765:ERROR:process_reader_win.cc(151)] SuspendThread: Acesso negado. (0x5)
[0123/101940.765:ERROR:process_reader_win.cc(123)] NtOpenThread: {Acesso Negado} Um processo solicitou acesso a um objeto, mas o direito de acesso não lhe foi concedido. (0xc0000022)
[0123/101940.765:ERROR:exception_snapshot_win.cc(99)] thread ID 13708 not found in process
[0123/101942.350:ERROR:process_reader_win.cc(123)] NtOpenThread: {Acesso Negado} Um processo solicitou acesso a um objeto, mas o direito de acesso não lhe foi concedido. (0xc0000022)
[0123/101942.350:ERROR:exception_snapshot_win.cc(99)] thread ID 18064 not found in process
[0123/105553.487:ERROR:process_reader_win.cc(123)] NtOpenThread: {Acesso Negado} Um processo solicitou acesso a um objeto, mas o direito de acesso não lhe foi concedido. (0xc0000022)
[0123/105553.491:ERROR:exception_snapshot_win.cc(99)] thread ID 11720 not found in process
[0123/105553.524:ERROR:process_reader_win.cc(123)] NtOpenThread: {Acesso Negado} Um processo solicitou acesso a um objeto, mas o direito de acesso não lhe foi concedido. (0xc0000022)
[0123/105553.524:ERROR:exception_snapshot_win.cc(99)] thread ID 2108 not found in process
[0123/111911.937:ERROR:process_reader_win.cc(123)] NtOpenThread: {Acesso Negado} Um processo solicitou acesso a um objeto, mas o direito de acesso não lhe foi concedido. (0xc0000022)
[0123/111911.939:ERROR:exception_snapshot_win.cc(99)] thread ID 11392 not found in process
[0123/111911.969:ERROR:process_reader_win.cc(123)] NtOpenThread: {Acesso Negado} Um processo solicitou acesso a um objeto, mas o direito de acesso não lhe foi concedido. (0xc0000022)
[0123/111911.970:ERROR:exception_snapshot_win.cc(99)] thread ID 11740 not found in process
[0123/113050.234:ERROR:process_reader_win.cc(151)] SuspendThread: Acesso negado. (0x5)
[0123/113050.241:ERROR:process_reader_win.cc(151)] SuspendThread: Acesso negado. (0x5)
[0123/113050.242:ERROR:process_reader_win.cc(123)] NtOpenThread: {Acesso Negado} Um processo solicitou acesso a um objeto, mas o direito de acesso não lhe foi concedido. (0xc0000022)
[0123/113050.245:ERROR:exception_snapshot_win.cc(99)] thread ID 16960 not found in process
[0123/113050.281:ERROR:process_reader_win.cc(123)] NtOpenThread: {Acesso Negado} Um processo solicitou acesso a um objeto, mas o direito de acesso não lhe foi concedido. (0xc0000022)
[0123/113050.281:ERROR:exception_snapshot_win.cc(99)] thread ID 6196 not found in process
